<?xml version="1.0" encoding="UTF-8"?>
<!-- Generated by org.testng.reporters.JUnitReportReporter -->
<testsuite skipped="0" hostname="xuxe" name="main.java.bank.testcases.user.FundTransferAndStatement" tests="6" failures="0" timestamp="09 Okt 2018 09:13:46 GMT" time="37.389" errors="0">
  <testcase name="verifyFundTransfer" time="8.378" classname="main.java.bank.testcases.user.FundTransferAndStatement"/>
  <testcase name="verifyTransfertoNonExistAcc" time="7.007" classname="main.java.bank.testcases.user.FundTransferAndStatement"/>
  <testcase name="verifyRefreshingFundDetails" time="2.839" classname="main.java.bank.testcases.user.FundTransferAndStatement"/>
  <testcase name="verifyTransferOnNotAuthorizationAcc" time="8.394" classname="main.java.bank.testcases.user.FundTransferAndStatement"/>
  <testcase name="verifyTransferToSameAcc" time="4.997" classname="main.java.bank.testcases.user.FundTransferAndStatement"/>
  <testcase name="verifyCustomizedStatement" time="5.774" classname="main.java.bank.testcases.user.FundTransferAndStatement"/>
</testsuite> <!-- main.java.bank.testcases.user.FundTransferAndStatement -->
