<?xml version="1.0" encoding="UTF-8"?>
<!-- Generated by org.testng.reporters.JUnitReportReporter -->
<testsuite skipped="0" hostname="xuxe" name="main.java.bank.testcases.WithdrawalTestCase" tests="6" failures="0" timestamp="05 Okt 2018 10:05:57 GMT" time="52.160" errors="0">
  <testcase name="verifyCustomizedStatementWrongDate" time="5.591" classname="main.java.bank.testcases.WithdrawalTestCase"/>
  <testcase name="verifyBalaceEnquiry" time="10.003" classname="main.java.bank.testcases.WithdrawalTestCase"/>
  <testcase name="verifyWithdrawal" time="12.050" classname="main.java.bank.testcases.WithdrawalTestCase"/>
  <testcase name="verifyWithdrawalOnLowBalance" time="10.465" classname="main.java.bank.testcases.WithdrawalTestCase"/>
  <testcase name="verifyCustomizedStatement" time="7.615" classname="main.java.bank.testcases.WithdrawalTestCase"/>
  <testcase name="verifyMiniStatement" time="6.436" classname="main.java.bank.testcases.WithdrawalTestCase"/>
</testsuite> <!-- main.java.bank.testcases.WithdrawalTestCase -->
