<?xml version="1.0" encoding="UTF-8"?>
<!-- Generated by org.testng.reporters.JUnitReportReporter -->
<testsuite skipped="0" hostname="xuxe" name="main.java.bank.testcases.user.FundTransferAndStatement" tests="6" failures="0" timestamp="08 Okt 2018 14:18:41 GMT" time="37.661" errors="0">
  <testcase name="verifyTransferToSameAcc" time="5.097" classname="main.java.bank.testcases.user.FundTransferAndStatement"/>
  <testcase name="verifyTransferOnNotAuthorizationAcc" time="8.035" classname="main.java.bank.testcases.user.FundTransferAndStatement"/>
  <testcase name="verifyCustomizedStatement" time="6.546" classname="main.java.bank.testcases.user.FundTransferAndStatement"/>
  <testcase name="verifyFundTransfer" time="7.659" classname="main.java.bank.testcases.user.FundTransferAndStatement"/>
  <testcase name="verifyTransfertoNonExistAcc" time="7.294" classname="main.java.bank.testcases.user.FundTransferAndStatement"/>
  <testcase name="verifyRefreshingFundDetails" time="3.030" classname="main.java.bank.testcases.user.FundTransferAndStatement"/>
</testsuite> <!-- main.java.bank.testcases.user.FundTransferAndStatement -->
