<?xml version="1.0" encoding="UTF-8"?>
<!-- Generated by org.testng.reporters.JUnitReportReporter -->
<testsuite skipped="0" hostname="xuxe" name="main.java.bank.testcases.user.balance.BalanceEnquiry" tests="1" failures="0" timestamp="09 Okt 2018 09:13:46 GMT" time="9.411" errors="0">
  <testcase name="balanceEnquiry" time="9.411" classname="main.java.bank.testcases.user.balance.BalanceEnquiry"/>
</testsuite> <!-- main.java.bank.testcases.user.balance.BalanceEnquiry -->
