<?xml version="1.0" encoding="UTF-8"?>
<!-- Generated by org.testng.reporters.JUnitReportReporter -->
<testsuite skipped="4" hostname="xuxe" name="main.java.bank.testcases.TestCase3" tests="4" failures="0" timestamp="09 Okt 2018 08:40:07 GMT" time="0.000" errors="0">
  <testcase name="testLogin" time="0.000" classname="main.java.bank.testcases.TestCase3">
    <skipped/>
  </testcase> <!-- testLogin -->
  <testcase name="testLogin" time="0.000" classname="main.java.bank.testcases.TestCase3">
    <skipped/>
  </testcase> <!-- testLogin -->
  <testcase name="testLogin" time="0.000" classname="main.java.bank.testcases.TestCase3">
    <skipped/>
  </testcase> <!-- testLogin -->
  <testcase name="testLogin" time="0.000" classname="main.java.bank.testcases.TestCase3">
    <skipped/>
  </testcase> <!-- testLogin -->
</testsuite> <!-- main.java.bank.testcases.TestCase3 -->
