<?xml version="1.0" encoding="UTF-8"?>
<!-- Generated by org.testng.reporters.JUnitReportReporter -->
<testsuite skipped="0" hostname="xuxe" name="main.java.bank.testcases.TestCase7" tests="2" failures="0" timestamp="02 Okt 2018 08:23:36 GMT" time="12.773" errors="0">
  <testcase name="testLogIn" time="3.208" classname="main.java.bank.testcases.TestCase7"/>
  <testcase name="addNewCustomer" time="9.565" classname="main.java.bank.testcases.TestCase7"/>
</testsuite> <!-- main.java.bank.testcases.TestCase7 -->
