<?xml version="1.0" encoding="UTF-8"?>
<!-- Generated by org.testng.reporters.JUnitReportReporter -->
<testsuite skipped="0" hostname="xuxe" name="main.java.bank.testcases.FundTransferAndCutomizedStatement" tests="6" failures="0" timestamp="04 Okt 2018 13:53:29 GMT" time="41.406" errors="0">
  <testcase name="reloadedVerifyFundTransfer" time="9.086" classname="main.java.bank.testcases.FundTransferAndCutomizedStatement"/>
  <testcase name="verifyTransferDetails" time="5.103" classname="main.java.bank.testcases.FundTransferAndCutomizedStatement"/>
  <testcase name="verifyTransferWrongAcc" time="8.314" classname="main.java.bank.testcases.FundTransferAndCutomizedStatement"/>
  <testcase name="verifyTransferSameAcc" time="6.349" classname="main.java.bank.testcases.FundTransferAndCutomizedStatement"/>
  <testcase name="verifyTransferFundHigh" time="6.527" classname="main.java.bank.testcases.FundTransferAndCutomizedStatement"/>
  <testcase name="verifyFundTransfers" time="6.027" classname="main.java.bank.testcases.FundTransferAndCutomizedStatement"/>
</testsuite> <!-- main.java.bank.testcases.FundTransferAndCutomizedStatement -->
