<?xml version="1.0" encoding="UTF-8"?>
<!-- Generated by org.testng.reporters.JUnitReportReporter -->
<testsuite skipped="1" hostname="xuxe" name="main.java.bank.testcases.TestCase1" tests="1" failures="0" timestamp="01 Okt 2018 12:04:02 GMT" time="0.000" errors="0">
  <testcase name="testLogIn" time="0.000" classname="main.java.bank.testcases.TestCase1">
    <skipped/>
  </testcase> <!-- testLogIn -->
</testsuite> <!-- main.java.bank.testcases.TestCase1 -->
