<?xml version="1.0" encoding="UTF-8"?>
<!-- Generated by org.testng.reporters.JUnitReportReporter -->
<testsuite skipped="2" hostname="xuxe" name="main.java.bank.testcases.TestCase7" tests="2" failures="0" timestamp="09 Okt 2018 08:40:07 GMT" time="0.000" errors="0">
  <testcase name="testLogIn" time="0.000" classname="main.java.bank.testcases.TestCase7">
    <skipped/>
  </testcase> <!-- testLogIn -->
  <testcase name="addNewCustomer" time="0.000" classname="main.java.bank.testcases.TestCase7">
    <skipped/>
  </testcase> <!-- addNewCustomer -->
</testsuite> <!-- main.java.bank.testcases.TestCase7 -->
