<?xml version="1.0" encoding="UTF-8"?>
<!-- Generated by org.testng.reporters.JUnitReportReporter -->
<testsuite skipped="0" hostname="xuxe" name="main.java.bank.testcases.user.login.LogInAndChangePassword" tests="3" failures="0" timestamp="08 Okt 2018 09:32:55 GMT" time="39.052" errors="0">
  <testcase name="verifyAfterPasswordChanged" time="4.855" classname="main.java.bank.testcases.user.login.LogInAndChangePassword"/>
  <testcase name="verifyLogInChangedCredential" time="21.162" classname="main.java.bank.testcases.user.login.LogInAndChangePassword"/>
  <testcase name="incorrectOldPasswordOnChangePassword" time="13.035" classname="main.java.bank.testcases.user.login.LogInAndChangePassword"/>
</testsuite> <!-- main.java.bank.testcases.user.login.LogInAndChangePassword -->
