<?xml version="1.0" encoding="UTF-8"?>
<!-- Generated by org.testng.reporters.JUnitReportReporter -->
<testsuite skipped="0" hostname="xuxe" name="main.java.bank.testcases.user.ministatement.MiniStatement" tests="3" failures="0" timestamp="08 Okt 2018 14:36:59 GMT" time="18.974" errors="0">
  <testcase name="verifyMiniStatement" time="9.529" classname="main.java.bank.testcases.user.ministatement.MiniStatement"/>
  <testcase name="verifyNonExistAcc" time="4.598" classname="main.java.bank.testcases.user.ministatement.MiniStatement"/>
  <testcase name="verifyWrongAcc" time="4.847" classname="main.java.bank.testcases.user.ministatement.MiniStatement"/>
</testsuite> <!-- main.java.bank.testcases.user.ministatement.MiniStatement -->
