<?xml version="1.0" encoding="UTF-8"?>
<!-- Generated by org.testng.reporters.JUnitReportReporter -->
<testsuite skipped="0" hostname="xuxe" name="main.java.bank.testcases.TestCase11" tests="5" failures="0" timestamp="02 Okt 2018 07:57:00 GMT" time="29.678" errors="0">
  <testcase name="verifyDeleteNonExistCustomer" time="6.904" classname="main.java.bank.testcases.TestCase11"/>
  <testcase name="verifyCustomerNotDelete" time="2.474" classname="main.java.bank.testcases.TestCase11"/>
  <testcase name="verifyEditNonCustomerID" time="5.694" classname="main.java.bank.testcases.TestCase11"/>
  <testcase name="verifyConfirmationMessage" time="8.140" classname="main.java.bank.testcases.TestCase11"/>
  <testcase name="deleteCustomer" time="6.466" classname="main.java.bank.testcases.TestCase11"/>
</testsuite> <!-- main.java.bank.testcases.TestCase11 -->
