<?xml version="1.0" encoding="UTF-8"?>
<!-- Generated by org.testng.reporters.JUnitReportReporter -->
<testsuite skipped="0" hostname="xuxe" name="main.java.bank.testcases.user.CustomisedStatement" tests="3" failures="0" timestamp="09 Okt 2018 07:36:39 GMT" time="20.533" errors="0">
  <testcase name="verifyOnNotExistAccNo" time="4.700" classname="main.java.bank.testcases.user.CustomisedStatement"/>
  <testcase name="verifyStatementOnWrongAcc" time="10.774" classname="main.java.bank.testcases.user.CustomisedStatement"/>
  <testcase name="verifyOnWrongDateInput" time="5.059" classname="main.java.bank.testcases.user.CustomisedStatement"/>
</testsuite> <!-- main.java.bank.testcases.user.CustomisedStatement -->
