<?xml version="1.0" encoding="UTF-8"?>
<!-- Generated by org.testng.reporters.JUnitReportReporter -->
<testsuite skipped="3" hostname="xuxe" name="main.java.bank.testcases.TestCase9" tests="3" failures="0" timestamp="09 Okt 2018 08:40:07 GMT" time="0.000" errors="0">
  <testcase name="deleteAccount" time="0.000" classname="main.java.bank.testcases.TestCase9">
    <skipped/>
  </testcase> <!-- deleteAccount -->
  <testcase name="verifiedBalance" time="0.000" classname="main.java.bank.testcases.TestCase9">
    <skipped/>
  </testcase> <!-- verifiedBalance -->
  <testcase name="verifiedCustomizedStatement" time="0.000" classname="main.java.bank.testcases.TestCase9">
    <skipped/>
  </testcase> <!-- verifiedCustomizedStatement -->
</testsuite> <!-- main.java.bank.testcases.TestCase9 -->
