<?xml version="1.0" encoding="UTF-8"?>
<!-- Generated by org.testng.reporters.JUnitReportReporter -->
<testsuite skipped="1" hostname="xuxe" name="main.java.bank.testcases.TestCase2" tests="1" failures="0" timestamp="09 Okt 2018 08:40:07 GMT" time="0.000" errors="0">
  <testcase name="verifiedLogin" time="0.000" classname="main.java.bank.testcases.TestCase2">
    <skipped/>
  </testcase> <!-- verifiedLogin -->
</testsuite> <!-- main.java.bank.testcases.TestCase2 -->
