<?xml version="1.0" encoding="UTF-8"?>
<!-- Generated by org.testng.reporters.JUnitReportReporter -->
<testsuite skipped="0" hostname="xuxe" name="main.java.bank.testcases.DepositTestCase" tests="2" failures="0" timestamp="04 Okt 2018 11:39:07 GMT" time="12.808" errors="0">
  <testcase name="verifyDepositMade" time="12.024" classname="main.java.bank.testcases.DepositTestCase"/>
  <testcase name="verifyDepositRedirect" time="0.784" classname="main.java.bank.testcases.DepositTestCase"/>
</testsuite> <!-- main.java.bank.testcases.DepositTestCase -->
