<?xml version="1.0" encoding="UTF-8"?>
<!-- Generated by org.testng.reporters.JUnitReportReporter -->
<testsuite skipped="3" hostname="xuxe" name="main.java.bank.testcases.TestCase9" tests="3" failures="0" timestamp="01 Okt 2018 12:04:02 GMT" time="0.000" errors="0">
  <testcase name="verifiedCustomizedStatement" time="0.000" classname="main.java.bank.testcases.TestCase9">
    <skipped/>
  </testcase> <!-- verifiedCustomizedStatement -->
  <testcase name="verifiedBalance" time="0.000" classname="main.java.bank.testcases.TestCase9">
    <skipped/>
  </testcase> <!-- verifiedBalance -->
  <testcase name="deleteAccount" time="0.000" classname="main.java.bank.testcases.TestCase9">
    <skipped/>
  </testcase> <!-- deleteAccount -->
</testsuite> <!-- main.java.bank.testcases.TestCase9 -->
